<?xml version="1.0" encoding="UTF-8"?>
<testng-results ignored="0" total="1" passed="1" failed="0" skipped="0">
  <reporter-output>
  </reporter-output>
  <suite started-at="2021-12-28T20:38:13 BRST" name="Default suite" finished-at="2021-12-28T20:38:13 BRST" duration-ms="46">
    <groups>
    </groups>
    <test started-at="2021-12-28T20:38:13 BRST" name="Default test" finished-at="2021-12-28T20:38:13 BRST" duration-ms="46">
      <class name="test.Day1">
        <test-method signature="Demo()[pri:0, instance:test.Day1@37858383]" started-at="2021-12-28T20:38:13 BRST" name="Demo" finished-at="2021-12-28T20:38:13 BRST" duration-ms="8" status="PASS">
          <reporter-output>
          </reporter-output>
        </test-method> <!-- Demo -->
      </class> <!-- test.Day1 -->
    </test> <!-- Default test -->
  </suite> <!-- Default suite -->
</testng-results>
