<?xml version="1.0" encoding="UTF-8"?>
<testng-results ignored="0" total="11" passed="11" failed="0" skipped="0">
  <reporter-output>
  </reporter-output>
  <suite started-at="2022-01-03T18:54:59 BRST" name="Suite" finished-at="2022-01-03T18:54:59 BRST" duration-ms="75">
    <groups>
    </groups>
    <test started-at="2022-01-03T18:54:59 BRST" name="Personal Loan" finished-at="2022-01-03T18:54:59 BRST" duration-ms="75">
      <class name="test.Day1">
        <test-method signature="Demo()[pri:0, instance:test.Day1@2abf4075]" started-at="2022-01-03T18:54:59 BRST" name="Demo" finished-at="2022-01-03T18:54:59 BRST" duration-ms="13" status="PASS">
          <reporter-output>
          </reporter-output>
        </test-method> <!-- Demo -->
        <test-method signature="SecondTestCase()[pri:0, instance:test.Day1@2abf4075]" started-at="2022-01-03T18:54:59 BRST" name="SecondTestCase" finished-at="2022-01-03T18:54:59 BRST" duration-ms="1" status="PASS">
          <reporter-output>
          </reporter-output>
        </test-method> <!-- SecondTestCase -->
      </class> <!-- test.Day1 -->
      <class name="test.Day2">
        <test-method signature="TestDay2()[pri:0, instance:test.Day2@79da8dc5]" started-at="2022-01-03T18:54:59 BRST" name="TestDay2" finished-at="2022-01-03T18:54:59 BRST" duration-ms="1" status="PASS">
          <reporter-output>
          </reporter-output>
        </test-method> <!-- TestDay2 -->
      </class> <!-- test.Day2 -->
      <class name="test.Day3">
        <test-method signature="APILogin()[pri:0, instance:test.Day3@72cde7cc]" started-at="2022-01-03T18:54:59 BRST" name="APILogin" finished-at="2022-01-03T18:54:59 BRST" duration-ms="1" status="PASS">
          <reporter-output>
          </reporter-output>
        </test-method> <!-- APILogin -->
        <test-method signature="MobileLogin()[pri:0, instance:test.Day3@72cde7cc]" started-at="2022-01-03T18:54:59 BRST" name="MobileLogin" finished-at="2022-01-03T18:54:59 BRST" duration-ms="1" status="PASS">
          <reporter-output>
          </reporter-output>
        </test-method> <!-- MobileLogin -->
        <test-method signature="MobileLogin1()[pri:0, instance:test.Day3@72cde7cc]" started-at="2022-01-03T18:54:59 BRST" name="MobileLogin1" finished-at="2022-01-03T18:54:59 BRST" duration-ms="2" status="PASS">
          <reporter-output>
          </reporter-output>
        </test-method> <!-- MobileLogin1 -->
        <test-method signature="MobileLogin2()[pri:0, instance:test.Day3@72cde7cc]" started-at="2022-01-03T18:54:59 BRST" name="MobileLogin2" finished-at="2022-01-03T18:54:59 BRST" duration-ms="1" status="PASS">
          <reporter-output>
          </reporter-output>
        </test-method> <!-- MobileLogin2 -->
        <test-method signature="WebLogin()[pri:0, instance:test.Day3@72cde7cc]" started-at="2022-01-03T18:54:59 BRST" name="WebLogin" finished-at="2022-01-03T18:54:59 BRST" duration-ms="1" status="PASS">
          <reporter-output>
          </reporter-output>
        </test-method> <!-- WebLogin -->
      </class> <!-- test.Day3 -->
      <class name="test.Day4">
        <test-method signature="APILoginCarLoan()[pri:0, instance:test.Day4@5fd4f8f5]" started-at="2022-01-03T18:54:59 BRST" name="APILoginCarLoan" finished-at="2022-01-03T18:54:59 BRST" duration-ms="1" status="PASS">
          <reporter-output>
          </reporter-output>
        </test-method> <!-- APILoginCarLoan -->
        <test-method signature="MobileLoginCarLoan()[pri:0, instance:test.Day4@5fd4f8f5]" started-at="2022-01-03T18:54:59 BRST" name="MobileLoginCarLoan" finished-at="2022-01-03T18:54:59 BRST" duration-ms="0" status="PASS">
          <reporter-output>
          </reporter-output>
        </test-method> <!-- MobileLoginCarLoan -->
        <test-method signature="WebLoginCarLoan()[pri:0, instance:test.Day4@5fd4f8f5]" started-at="2022-01-03T18:54:59 BRST" name="WebLoginCarLoan" finished-at="2022-01-03T18:54:59 BRST" duration-ms="1" status="PASS">
          <reporter-output>
          </reporter-output>
        </test-method> <!-- WebLoginCarLoan -->
      </class> <!-- test.Day4 -->
    </test> <!-- Personal Loan -->
  </suite> <!-- Suite -->
</testng-results>
