<?xml version="1.0" encoding="UTF-8"?>
<testng-results ignored="0" total="1" passed="1" failed="0" skipped="0">
  <reporter-output>
  </reporter-output>
  <suite started-at="2021-12-12T20:54:50 BRST" name="Default suite" finished-at="2021-12-12T20:54:50 BRST" duration-ms="46">
    <groups>
    </groups>
    <test started-at="2021-12-12T20:54:50 BRST" name="Default test" finished-at="2021-12-12T20:54:50 BRST" duration-ms="46">
      <class name="StreamFilter">
        <test-method signature="streamOfFilter()[pri:0, instance:StreamFilter@73700b80]" started-at="2021-12-12T20:54:50 BRST" name="streamOfFilter" finished-at="2021-12-12T20:54:50 BRST" duration-ms="15" status="PASS">
          <reporter-output>
          </reporter-output>
        </test-method> <!-- streamOfFilter -->
      </class> <!-- StreamFilter -->
    </test> <!-- Default test -->
  </suite> <!-- Default suite -->
</testng-results>
