<?xml version="1.0" encoding="UTF-8"?>
<!-- Generated by org.testng.reporters.JUnitXMLReporter -->
<testsuite ignored="1" hostname="CP5569" failures="0" tests="4" name="Default test" time="0.057" errors="0" timestamp="2022-01-04T18:12:21 BRST">
  <testcase classname="test.Day1" name="Demo" time="0.007"/>
  <testcase classname="test.Day1" name="SecondTestCase" time="0.002"/>
  <testcase classname="test.Day1" name="testWithTimeOut" time="0.006"/>
  <testcase classname="test.Day1" name="atestThatDependsOnFirstMethod" time="0.001"/>
  <testcase classname="test.Day1" name="testToSkip" time="0.0">
    <ignored/>
  </testcase> <!-- testToSkip -->
</testsuite> <!-- Default test -->
