<?xml version="1.0" encoding="UTF-8"?>
<!-- Generated by org.testng.reporters.JUnitXMLReporter -->
<testsuite ignored="1" hostname="CP5569" failures="0" tests="4" name="Car Loan" time="0.012" errors="0" timestamp="2022-01-04T16:46:19 BRST">
  <testcase classname="test.Day3" name="MobileLogin" time="0.001"/>
  <testcase classname="test.Day3" name="MobileLogin1" time="0.001"/>
  <testcase classname="test.Day3" name="MobileLogin2" time="0.001"/>
  <testcase classname="test.Day3" name="WebLogin" time="0.001"/>
  <testcase classname="test.Day3" name="APILogin" time="0.0">
    <ignored/>
  </testcase> <!-- APILogin -->
</testsuite> <!-- Car Loan -->
