<?xml version="1.0" encoding="UTF-8"?>
<!-- Generated by org.testng.reporters.JUnitXMLReporter -->
<testsuite ignored="1" hostname="CP5569" failures="0" tests="5" name="Personal Loan" time="0.047" errors="0" timestamp="2022-01-04T16:46:19 BRST">
  <testcase classname="test.Day1" name="Demo" time="0.009"/>
  <testcase classname="test.Day2" name="TestDay2" time="0.001"/>
  <testcase classname="test.Day4" name="APILoginCarLoan" time="0.0"/>
  <testcase classname="test.Day4" name="MobileLoginCarLoan" time="0.001"/>
  <testcase classname="test.Day4" name="WebLoginCarLoan" time="0.001"/>
  <testcase classname="test.Day1" name="SecondTestCase" time="0.0">
    <ignored/>
  </testcase> <!-- SecondTestCase -->
</testsuite> <!-- Personal Loan -->
