<?xml version="1.0" encoding="UTF-8"?>
<!-- Generated by org.testng.reporters.JUnitXMLReporter -->
<testsuite ignored="7" hostname="CP5569" failures="0" tests="4" name="Regression" time="0.055" errors="0" timestamp="2022-01-04T17:21:08 BRST">
  <testcase classname="test.Day1" name="SecondTestCase" time="0.008"/>
  <testcase classname="test.Day2" name="TestDay2" time="0.002"/>
  <testcase classname="test.Day3" name="MobileLogin2" time="0.001"/>
  <testcase classname="test.Day4" name="APILoginCarLoan" time="0.0"/>
  <testcase classname="test.Day3" name="MobileLogin1" time="0.0">
    <ignored/>
  </testcase> <!-- MobileLogin1 -->
  <testcase classname="test.Day4" name="MobileLoginCarLoan" time="0.0">
    <ignored/>
  </testcase> <!-- MobileLoginCarLoan -->
  <testcase classname="test.Day1" name="Demo" time="0.0">
    <ignored/>
  </testcase> <!-- Demo -->
  <testcase classname="test.Day3" name="APILogin" time="0.0">
    <ignored/>
  </testcase> <!-- APILogin -->
  <testcase classname="test.Day4" name="WebLoginCarLoan" time="0.0">
    <ignored/>
  </testcase> <!-- WebLoginCarLoan -->
  <testcase classname="test.Day3" name="WebLogin" time="0.0">
    <ignored/>
  </testcase> <!-- WebLogin -->
  <testcase classname="test.Day3" name="MobileLogin" time="0.0">
    <ignored/>
  </testcase> <!-- MobileLogin -->
</testsuite> <!-- Regression -->
